0 info it worked if it ends with ok
1 verbose cli [ '/Users/NoBey/.nvm/versions/node/v4.4.0/bin/node',
1 verbose cli   '/Users/NoBey/.nvm/versions/node/v4.4.0/bin/npm',
1 verbose cli   'publish',
1 verbose cli   'type2js' ]
2 info using npm@2.9.1
3 info using node@v4.4.0
4 verbose publish [ 'type2js' ]
5 silly cache add args [ 'type2js', null ]
6 verbose cache add spec type2js
7 silly cache add parsed spec Result {
7 silly cache add   raw: 'type2js',
7 silly cache add   scope: null,
7 silly cache add   name: 'type2js',
7 silly cache add   rawSpec: '',
7 silly cache add   spec: '*',
7 silly cache add   type: 'range' }
8 silly addNamed type2js@*
9 verbose addNamed "*" is a valid semver range for type2js
10 silly addNameRange { name: 'type2js', range: '*', hasData: false }
11 silly mapToRegistry name type2js
12 silly mapToRegistry using default registry
13 silly mapToRegistry registry https://registry.npmjs.org/
14 silly mapToRegistry uri https://registry.npmjs.org/type2js
15 verbose addNameRange registry:https://registry.npmjs.org/type2js not in flight; fetching
16 verbose request uri https://registry.npmjs.org/type2js
17 verbose request no auth needed
18 info attempt registry request try #1 at 23:54:16
19 verbose request using bearer token for auth
20 verbose request id 53e827eaa21cf5de
21 http request GET https://registry.npmjs.org/type2js
22 http 200 https://registry.npmjs.org/type2js
23 silly get cb [ 200,
23 silly get   { server: 'CouchDB/1.5.0 (Erlang OTP/R16B03)',
23 silly get     etag: '"2YNQKW9J0RZC7NS2PUVHIRUVY"',
23 silly get     'content-type': 'application/json',
23 silly get     'content-encoding': 'gzip',
23 silly get     'cache-control': 'max-age=300',
23 silly get     'transfer-encoding': 'chunked',
23 silly get     'accept-ranges': 'bytes',
23 silly get     date: 'Tue, 09 Aug 2016 15:54:17 GMT',
23 silly get     via: '1.1 varnish',
23 silly get     connection: 'keep-alive',
23 silly get     'x-served-by': 'cache-sea1923-SEA',
23 silly get     'x-cache': 'MISS',
23 silly get     'x-cache-hits': '0',
23 silly get     'x-timer': 'S1470758057.476560,VS0,VE101',
23 silly get     vary: 'Accept-Encoding' } ]
24 verbose get saving type2js to /Users/NoBey/.npm/registry.npmjs.org/type2js/.cache.json
25 silly addNameRange number 2 { name: 'type2js', range: '*', hasData: true }
26 silly addNameRange versions [ 'type2js', [ '0.0.0', '0.0.1' ] ]
27 silly addNamed type2js@0.0.1
28 verbose addNamed "0.0.1" is a plain semver version for type2js
29 silly mapToRegistry name type2js
30 silly mapToRegistry using default registry
31 silly mapToRegistry registry https://registry.npmjs.org/
32 silly mapToRegistry uri https://registry.npmjs.org/type2js
33 verbose addRemoteTarball https://registry.npmjs.org/type2js/-/type2js-0.0.1.tgz not in flight; adding
34 verbose addRemoteTarball [ 'https://registry.npmjs.org/type2js/-/type2js-0.0.1.tgz',
34 verbose addRemoteTarball   'b04ee903509cb168ff369179d9b4fac85e088acc' ]
35 info retry fetch attempt 1 at 23:54:18
36 info attempt registry request try #1 at 23:54:18
37 http fetch GET https://registry.npmjs.org/type2js/-/type2js-0.0.1.tgz
38 verbose request using bearer token for auth
39 http fetch 200 https://registry.npmjs.org/type2js/-/type2js-0.0.1.tgz
40 silly fetchAndShaCheck shasum b04ee903509cb168ff369179d9b4fac85e088acc
41 verbose addTmpTarball /var/folders/3q/l6r0sgkd5rs6slq7yvh43b_80000gn/T/npm-33873-bfaa4540/registry.npmjs.org/type2js/-/type2js-0.0.1.tgz not in flight; adding
42 verbose addTmpTarball already have metadata; skipping unpack for type2js@0.0.1
43 silly cache afterAdd type2js@0.0.1
44 verbose afterAdd /Users/NoBey/.npm/type2js/0.0.1/package/package.json not in flight; writing
45 verbose afterAdd /Users/NoBey/.npm/type2js/0.0.1/package/package.json written
46 silly publish { name: 'type2js',
46 silly publish   version: '0.0.1',
46 silly publish   author:
46 silly publish    { name: '\'Julian Viereck\'',
46 silly publish      email: 'julian.viereck@gmail.com' },
46 silly publish   license: 'MIT',
46 silly publish   repository: { type: 'git', url: 'git@github.com:jviereck/type2js.git' },
46 silly publish   files: [ 'LICENSE.MIT', 'README.md' ],
46 silly publish   dependencies: {},
46 silly publish   devDependencies: {},
46 silly publish   gitHead: 'c429224775a978b0eee6dfb683f3cd0965dc5f55',
46 silly publish   description: 'What if I tell you the type checker is nothing else than executing your JavaScript code in the type domain?',
46 silly publish   bugs: { url: 'https://github.com/jviereck/type2js/issues' },
46 silly publish   homepage: 'https://github.com/jviereck/type2js',
46 silly publish   _id: 'type2js@0.0.1',
46 silly publish   scripts: {},
46 silly publish   _shasum: 'b04ee903509cb168ff369179d9b4fac85e088acc',
46 silly publish   _from: 'type2js@*',
46 silly publish   _npmVersion: '2.7.1',
46 silly publish   _nodeVersion: '1.6.2',
46 silly publish   _npmUser: { name: 'jviereck', email: 'julian.viereck@gmail.com' },
46 silly publish   maintainers: [ { name: 'jviereck', email: 'julian.viereck@gmail.com' } ],
46 silly publish   dist:
46 silly publish    { shasum: 'b04ee903509cb168ff369179d9b4fac85e088acc',
46 silly publish      tarball: 'https://registry.npmjs.org/type2js/-/type2js-0.0.1.tgz' },
46 silly publish   directories: {},
46 silly publish   _resolved: 'https://registry.npmjs.org/type2js/-/type2js-0.0.1.tgz' }
47 info prepublish type2js@0.0.1
48 verbose getPublishConfig undefined
49 silly mapToRegistry name type2js
50 silly mapToRegistry using default registry
51 silly mapToRegistry registry https://registry.npmjs.org/
52 silly mapToRegistry uri https://registry.npmjs.org/type2js
53 verbose publish registryBase https://registry.npmjs.org/
54 silly publish uploading /Users/NoBey/.npm/type2js/0.0.1/package.tgz
55 verbose request uri https://registry.npmjs.org/type2js
56 verbose request sending authorization for write operation
57 info attempt registry request try #1 at 23:54:20
58 verbose request using bearer token for auth
59 http request PUT https://registry.npmjs.org/type2js
60 http 403 https://registry.npmjs.org/type2js
61 verbose headers { 'content-type': 'application/json',
61 verbose headers   'cache-control': 'max-age=300',
61 verbose headers   'content-length': '101',
61 verbose headers   'accept-ranges': 'bytes',
61 verbose headers   date: 'Tue, 09 Aug 2016 15:54:23 GMT',
61 verbose headers   via: '1.1 varnish',
61 verbose headers   connection: 'keep-alive',
61 verbose headers   'x-served-by': 'cache-sea1922-SEA',
61 verbose headers   'x-cache': 'MISS',
61 verbose headers   'x-cache-hits': '0',
61 verbose headers   'x-timer': 'S1470758061.921501,VS0,VE1601',
61 verbose headers   vary: 'Accept-Encoding' }
62 verbose request invalidating /Users/NoBey/.npm/registry.npmjs.org/type2js on PUT
63 error publish Failed PUT 403
64 verbose stack Error: you do not have permission to publish "type2js". Are you logged in as the correct user? : type2js
64 verbose stack     at CachingRegistryClient.<anonymous> (/Users/NoBey/.nvm/versions/node/v4.4.0/lib/node_modules/npm/node_modules/npm-registry-client/lib/request.js:247:14)
64 verbose stack     at Request._callback (/Users/NoBey/.nvm/versions/node/v4.4.0/lib/node_modules/npm/node_modules/npm-registry-client/lib/request.js:170:14)
64 verbose stack     at Request.self.callback (/Users/NoBey/.nvm/versions/node/v4.4.0/lib/node_modules/npm/node_modules/request/request.js:368:22)
64 verbose stack     at emitTwo (events.js:87:13)
64 verbose stack     at Request.emit (events.js:172:7)
64 verbose stack     at Request.<anonymous> (/Users/NoBey/.nvm/versions/node/v4.4.0/lib/node_modules/npm/node_modules/request/request.js:1219:14)
64 verbose stack     at emitOne (events.js:82:20)
64 verbose stack     at Request.emit (events.js:169:7)
64 verbose stack     at IncomingMessage.<anonymous> (/Users/NoBey/.nvm/versions/node/v4.4.0/lib/node_modules/npm/node_modules/request/request.js:1167:12)
64 verbose stack     at emitNone (events.js:72:20)
65 verbose statusCode 403
66 verbose pkgid type2js
67 verbose cwd /Users/NoBey/typeof
68 error Darwin 15.3.0
69 error argv "/Users/NoBey/.nvm/versions/node/v4.4.0/bin/node" "/Users/NoBey/.nvm/versions/node/v4.4.0/bin/npm" "publish" "type2js"
70 error node v4.4.0
71 error npm  v2.9.1
72 error code E403
73 error you do not have permission to publish "type2js". Are you logged in as the correct user? : type2js
74 error If you need help, you may report this error at:
74 error     <https://github.com/npm/npm/issues>
75 verbose exit [ 1, true ]
